2025-12-28 23:16:21,362 [INFO] D:\vehicle_detection\app\utils\logging_utils.py:11 - log_info: Test info message
2025-12-28 23:16:21,364 [ERROR] D:\vehicle_detection\app\utils\logging_utils.py:14 - log_error: Test error message
2025-12-28 23:16:21,365 [INFO] D:\vehicle_detection\app\utils\logging_utils.py:18 - log_detection: Detection: Test detection message
2025-12-28 23:18:44,440 [INFO] D:\vehicle_detection\app\utils\logging_utils.py:11 - log_info: Test info message
2025-12-28 23:18:44,442 [ERROR] D:\vehicle_detection\app\utils\logging_utils.py:14 - log_error: Test error message
2025-12-28 23:18:44,443 [INFO] D:\vehicle_detection\app\utils\logging_utils.py:18 - log_detection: Detection: Test detection message
2025-12-28 23:20:05,982 [INFO] D:\vehicle_detection\app\utils\logging_utils.py:11 - log_info: Test info message
2025-12-28 23:20:05,984 [ERROR] D:\vehicle_detection\app\utils\logging_utils.py:14 - log_error: Test error message
2025-12-28 23:20:05,988 [INFO] D:\vehicle_detection\app\utils\logging_utils.py:18 - log_detection: Detection: Test detection message
2025-12-28 23:21:21,134 [INFO] D:\vehicle_detection\app\utils\logging_utils.py:11 - log_info: Test info message
2025-12-28 23:21:21,136 [ERROR] D:\vehicle_detection\app\utils\logging_utils.py:14 - log_error: Test error message
2025-12-28 23:21:21,138 [INFO] D:\vehicle_detection\app\utils\logging_utils.py:18 - log_detection: Detection: Test detection message
2025-12-28 23:23:54,064 [INFO] D:\vehicle_detection\app\utils\logging_utils.py:11 - log_info: Test info message
2025-12-28 23:23:54,066 [ERROR] D:\vehicle_detection\app\utils\logging_utils.py:14 - log_error: Test error message
2025-12-28 23:23:54,068 [INFO] D:\vehicle_detection\app\utils\logging_utils.py:18 - log_detection: Detection: Test detection message
2025-12-28 23:26:33,738 [INFO] D:\vehicle_detection\app\utils\logging_utils.py:11 - log_info: Test info message
2025-12-28 23:26:33,740 [ERROR] D:\vehicle_detection\app\utils\logging_utils.py:14 - log_error: Test error message
2025-12-28 23:26:33,742 [INFO] D:\vehicle_detection\app\utils\logging_utils.py:18 - log_detection: Detection: Test detection message
2025-12-28 23:27:10,888 [INFO] D:\vehicle_detection\app\utils\logging_utils.py:11 - log_info: Test info message
2025-12-28 23:27:10,890 [ERROR] D:\vehicle_detection\app\utils\logging_utils.py:14 - log_error: Test error message
2025-12-28 23:27:10,894 [INFO] D:\vehicle_detection\app\utils\logging_utils.py:18 - log_detection: Detection: Test detection message
2025-12-28 23:30:04,498 [INFO] D:\vehicle_detection\app\utils\logging_utils.py:11 - log_info: Test info message
2025-12-28 23:30:04,500 [ERROR] D:\vehicle_detection\app\utils\logging_utils.py:14 - log_error: Test error message
2025-12-28 23:30:04,504 [INFO] D:\vehicle_detection\app\utils\logging_utils.py:18 - log_detection: Detection: Test detection message
2025-12-28 23:35:06,739 [INFO] D:\vehicle_detection\app\utils\logging_utils.py:11 - log_info: Test info message
2025-12-28 23:35:06,742 [ERROR] D:\vehicle_detection\app\utils\logging_utils.py:14 - log_error: Test error message
2025-12-28 23:35:06,745 [INFO] D:\vehicle_detection\app\utils\logging_utils.py:18 - log_detection: Detection: Test detection message
2025-12-28 23:39:22,921 [INFO] D:\vehicle_detection\app\utils\logging_utils.py:11 - log_info: Test info message
2025-12-28 23:39:22,924 [ERROR] D:\vehicle_detection\app\utils\logging_utils.py:14 - log_error: Test error message
2025-12-28 23:39:22,927 [INFO] D:\vehicle_detection\app\utils\logging_utils.py:18 - log_detection: Detection: Test detection message
2025-12-28 23:41:20,282 [INFO] D:\vehicle_detection\app\utils\logging_utils.py:11 - log_info: Test info message
2025-12-28 23:41:20,285 [ERROR] D:\vehicle_detection\app\utils\logging_utils.py:14 - log_error: Test error message
2025-12-28 23:41:20,288 [INFO] D:\vehicle_detection\app\utils\logging_utils.py:18 - log_detection: Detection: Test detection message
2025-12-28 23:42:28,728 [INFO] D:\vehicle_detection\app\utils\logging_utils.py:11 - log_info: Test info message
2025-12-28 23:42:28,730 [ERROR] D:\vehicle_detection\app\utils\logging_utils.py:14 - log_error: Test error message
2025-12-28 23:42:28,733 [INFO] D:\vehicle_detection\app\utils\logging_utils.py:18 - log_detection: Detection: Test detection message
2025-12-28 23:47:15,022 [INFO] D:\vehicle_detection\app\utils\logging_utils.py:11 - log_info: Test info message
2025-12-28 23:47:15,026 [ERROR] D:\vehicle_detection\app\utils\logging_utils.py:14 - log_error: Test error message
2025-12-28 23:47:15,028 [INFO] D:\vehicle_detection\app\utils\logging_utils.py:18 - log_detection: Detection: Test detection message
2025-12-29 00:22:41,114 [INFO] D:\vehicle_detection\app\utils\logging_utils.py:11 - log_info: Test info message
2025-12-29 00:22:41,116 [ERROR] D:\vehicle_detection\app\utils\logging_utils.py:14 - log_error: Test error message
2025-12-29 00:22:41,119 [INFO] D:\vehicle_detection\app\utils\logging_utils.py:18 - log_detection: Detection: Test detection message
2025-12-29 00:25:32,306 [INFO] D:\vehicle_detection\app\utils\logging_utils.py:11 - log_info: Test info message
2025-12-29 00:25:32,309 [ERROR] D:\vehicle_detection\app\utils\logging_utils.py:14 - log_error: Test error message
2025-12-29 00:25:32,313 [INFO] D:\vehicle_detection\app\utils\logging_utils.py:18 - log_detection: Detection: Test detection message
2025-12-29 00:32:40,717 [INFO] D:\vehicle_detection\app\utils\logging_utils.py:11 - log_info: Test info message
2025-12-29 00:32:40,719 [ERROR] D:\vehicle_detection\app\utils\logging_utils.py:14 - log_error: Test error message
2025-12-29 00:32:40,721 [INFO] D:\vehicle_detection\app\utils\logging_utils.py:18 - log_detection: Detection: Test detection message
2025-12-29 12:44:28,770 [INFO] D:\vehicle_detection\app\utils\logging_utils.py:11 - log_info: Test info message
2025-12-29 12:44:28,772 [ERROR] D:\vehicle_detection\app\utils\logging_utils.py:14 - log_error: Test error message
2025-12-29 12:44:28,775 [INFO] D:\vehicle_detection\app\utils\logging_utils.py:18 - log_detection: Detection: Test detection message
2025-12-29 12:45:57,725 [INFO] D:\vehicle_detection\app\utils\logging_utils.py:11 - log_info: Test info message
2025-12-29 12:45:57,729 [ERROR] D:\vehicle_detection\app\utils\logging_utils.py:14 - log_error: Test error message
2025-12-29 12:45:57,733 [INFO] D:\vehicle_detection\app\utils\logging_utils.py:18 - log_detection: Detection: Test detection message
2025-12-29 12:48:24,535 [INFO] D:\vehicle_detection\app\utils\logging_utils.py:11 - log_info: Test info message
2025-12-29 12:48:24,538 [ERROR] D:\vehicle_detection\app\utils\logging_utils.py:14 - log_error: Test error message
2025-12-29 12:48:24,541 [INFO] D:\vehicle_detection\app\utils\logging_utils.py:18 - log_detection: Detection: Test detection message
2025-12-29 12:50:26,540 [INFO] D:\vehicle_detection\app\utils\logging_utils.py:11 - log_info: Test info message
2025-12-29 12:50:26,543 [ERROR] D:\vehicle_detection\app\utils\logging_utils.py:14 - log_error: Test error message
2025-12-29 12:50:26,548 [INFO] D:\vehicle_detection\app\utils\logging_utils.py:18 - log_detection: Detection: Test detection message
2025-12-29 12:54:25,837 [INFO] D:\vehicle_detection\app\utils\logging_utils.py:11 - log_info: Test info message
2025-12-29 12:54:25,840 [ERROR] D:\vehicle_detection\app\utils\logging_utils.py:14 - log_error: Test error message
2025-12-29 12:54:25,843 [INFO] D:\vehicle_detection\app\utils\logging_utils.py:18 - log_detection: Detection: Test detection message
2025-12-29 14:24:53,797 [INFO] D:\vehicle_detection\app\utils\logging_utils.py:11 - log_info: Test info message
2025-12-29 14:24:53,801 [ERROR] D:\vehicle_detection\app\utils\logging_utils.py:14 - log_error: Test error message
2025-12-29 14:24:53,803 [INFO] D:\vehicle_detection\app\utils\logging_utils.py:18 - log_detection: Detection: Test detection message
2025-12-29 14:31:33,355 [INFO] D:\vehicle_detection\app\utils\logging_utils.py:11 - log_info: Test info message
2025-12-29 14:31:33,356 [ERROR] D:\vehicle_detection\app\utils\logging_utils.py:14 - log_error: Test error message
2025-12-29 14:31:33,358 [INFO] D:\vehicle_detection\app\utils\logging_utils.py:18 - log_detection: Detection: Test detection message
2025-12-29 15:05:21,908 [INFO] D:\vehicle_detection\app\utils\logging_utils.py:11 - log_info: Test info message
2025-12-29 15:05:21,911 [ERROR] D:\vehicle_detection\app\utils\logging_utils.py:14 - log_error: Test error message
2025-12-29 15:05:21,913 [INFO] D:\vehicle_detection\app\utils\logging_utils.py:18 - log_detection: Detection: Test detection message
2025-12-30 11:28:36,296 [INFO] D:\vehicle_detection\app\utils\logging_utils.py:11 - log_info: Test info message
2025-12-30 11:28:36,297 [ERROR] D:\vehicle_detection\app\utils\logging_utils.py:14 - log_error: Test error message
2025-12-30 11:28:36,300 [INFO] D:\vehicle_detection\app\utils\logging_utils.py:18 - log_detection: Detection: Test detection message
