2025-12-29 00:22:41,116 [ERROR] D:\vehicle_detection\app\utils\logging_utils.py:14 - log_error: Test error message
2025-12-29 00:25:32,309 [ERROR] D:\vehicle_detection\app\utils\logging_utils.py:14 - log_error: Test error message
2025-12-29 00:32:40,719 [ERROR] D:\vehicle_detection\app\utils\logging_utils.py:14 - log_error: Test error message
